2017-06-14 23:15:25.286  WARN [mail-service,,,] 1 --- [AsyncReporter(org.springframework.cloud.sleuth.zipkin.RestTemplateSender@64bf70f4)] z.r.AsyncReporter$BoundedAsyncReporter   : Dropped 2 spans due to ResourceAccessException(I/O error on POST request for "http://localhost:9411/api/v1/spans": Connection refused (Connection refused); nested exception is java.net.ConnectException: Connection refused (Connection refused))

org.springframework.web.client.ResourceAccessException: I/O error on POST request for "http://localhost:9411/api/v1/spans": Connection refused (Connection refused); nested exception is java.net.ConnectException: Connection refused (Connection refused)
	at org.springframework.web.client.RestTemplate.doExecute(RestTemplate.java:666)
	at org.springframework.web.client.RestTemplate.execute(RestTemplate.java:628)
	at org.springframework.web.client.RestTemplate.exchange(RestTemplate.java:590)
	at org.springframework.cloud.sleuth.zipkin.RestTemplateSender.post(RestTemplateSender.java:73)
	at org.springframework.cloud.sleuth.zipkin.RestTemplateSender.sendSpans(RestTemplateSender.java:46)
	at zipkin.reporter.AsyncReporter$BoundedAsyncReporter.flush(AsyncReporter.java:228)
	at zipkin.reporter.AsyncReporter$Builder.lambda$build$0(AsyncReporter.java:153)
	at zipkin.reporter.AsyncReporter$Builder$$Lambda$1.run(Unknown Source)
	at java.lang.Thread.run(Thread.java:745)
Caused by: java.net.ConnectException: Connection refused (Connection refused)
	at java.net.PlainSocketImpl.socketConnect(Native Method)
	at java.net.AbstractPlainSocketImpl.doConnect(AbstractPlainSocketImpl.java:350)
	at java.net.AbstractPlainSocketImpl.connectToAddress(AbstractPlainSocketImpl.java:206)
	at java.net.AbstractPlainSocketImpl.connect(AbstractPlainSocketImpl.java:188)
	at java.net.SocksSocketImpl.connect(SocksSocketImpl.java:392)
	at java.net.Socket.connect(Socket.java:589)
	at java.net.Socket.connect(Socket.java:538)
	at sun.net.NetworkClient.doConnect(NetworkClient.java:180)
	at sun.net.www.http.HttpClient.openServer(HttpClient.java:432)
	at sun.net.www.http.HttpClient.openServer(HttpClient.java:527)
	at sun.net.www.http.HttpClient.<init>(HttpClient.java:211)
	at sun.net.www.http.HttpClient.New(HttpClient.java:308)
	at sun.net.www.http.HttpClient.New(HttpClient.java:326)
	at sun.net.www.protocol.http.HttpURLConnection.getNewHttpClient(HttpURLConnection.java:1202)
	at sun.net.www.protocol.http.HttpURLConnection.plainConnect0(HttpURLConnection.java:1138)
	at sun.net.www.protocol.http.HttpURLConnection.plainConnect(HttpURLConnection.java:1032)
	at sun.net.www.protocol.http.HttpURLConnection.connect(HttpURLConnection.java:966)
	at org.springframework.http.client.SimpleBufferingClientHttpRequest.executeInternal(SimpleBufferingClientHttpRequest.java:78)
	at org.springframework.http.client.AbstractBufferingClientHttpRequest.executeInternal(AbstractBufferingClientHttpRequest.java:48)
	at org.springframework.http.client.AbstractClientHttpRequest.execute(AbstractClientHttpRequest.java:53)
	at org.springframework.web.client.RestTemplate.doExecute(RestTemplate.java:652)
	... 8 common frames omitted

